{"name": "Тест на изменение количества заказов за все время после создания заказа", "status": "broken", "statusDetails": {"message": "selenium.common.exceptions.ElementClickInterceptedException: Message: Element <p class=\"AppHeader_header__linkText__3q_va ml-2\"> is not clickable at point (300,44) because another element <div class=\"Modal_modal_overlay__x2ZCr\"> obscures it\nStacktrace:\nRemoteError@chrome://remote/content/shared/RemoteError.sys.mjs:8:8\nWebDriverError@chrome://remote/content/shared/webdriver/Errors.sys.mjs:193:5\nElementClickInterceptedError@chrome://remote/content/shared/webdriver/Errors.sys.mjs:337:5\nwebdriverClickElement@chrome://remote/content/marionette/interaction.sys.mjs:177:11\ninteraction.clickElement@chrome://remote/content/marionette/interaction.sys.mjs:136:11\nclickElement@chrome://remote/content/marionette/actors/MarionetteCommandsChild.sys.mjs:205:29\nreceiveMessage@chrome://remote/content/marionette/actors/MarionetteCommandsChild.sys.mjs:85:31", "trace": "self = <tests.test_order_feed.TestOrderFeed object at 0x000001986044F950>, user_2 = <Response [200]>\ndriver = <selenium.webdriver.firefox.webdriver.WebDriver (session=\"aaf3559d-6eef-4fa3-b1a5-61e7d0333d08\")>\n\n    @allure.title('Тест на изменение количества заказов за все время после создания заказа')\n    @allure.description('Создаем заказ и проверяем что количество заказов после стало больше')\n    def test_counter_orders_of_all_time_change(self,user_2,driver):\n        login_page = LoginPage(driver)\n        main_page = MainPage(driver)\n        order_feed_page = OrderFeedPage(driver)\n>       main_page.button_lenta_zakazov_click()\n\ntests\\test_order_feed.py:48: \n_ _ _ _ _ _ _ _ _ _ _ _ _ _ _ _ _ _ _ _ _ _ _ _ _ _ _ _ _ _ _ _ _ _ _ _ _ _ _ _ _ _ _ _ _ _ _ _ _ _ _ _ _ _ _ _ _ _ _ _ _ _ _ _ _ _ _ _ _ _ _ _ _ _ _ _ _ _ _ _ _ _ _\npages\\main_page.py:15: in button_lenta_zakazov_click\n    return self.click_to_element(MainPageLocators.KNOPKA_LENTA_ZAKAZOV)\npages\\base_page.py:39: in click_to_element\n    self.driver.find_element(*locator).click()\n.venv\\Lib\\site-packages\\selenium\\webdriver\\remote\\webelement.py:94: in click\n    self._execute(Command.CLICK_ELEMENT)\n.venv\\Lib\\site-packages\\selenium\\webdriver\\remote\\webelement.py:395: in _execute\n    return self._parent.execute(command, params)\n.venv\\Lib\\site-packages\\selenium\\webdriver\\remote\\webdriver.py:384: in execute\n    self.error_handler.check_response(response)\n_ _ _ _ _ _ _ _ _ _ _ _ _ _ _ _ _ _ _ _ _ _ _ _ _ _ _ _ _ _ _ _ _ _ _ _ _ _ _ _ _ _ _ _ _ _ _ _ _ _ _ _ _ _ _ _ _ _ _ _ _ _ _ _ _ _ _ _ _ _ _ _ _ _ _ _ _ _ _ _ _ _ _\n\nself = <selenium.webdriver.remote.errorhandler.ErrorHandler object at 0x000001986049BE60>\nresponse = {'status': 400, 'value': '{\"value\":{\"error\":\"element click intercepted\",\"message\":\"Element <p class=\\\\\"AppHeader_heade...sys.mjs:205:29\\\\nreceiveMessage@chrome://remote/content/marionette/actors/MarionetteCommandsChild.sys.mjs:85:31\\\\n\"}}'}\n\n    def check_response(self, response: Dict[str, Any]) -> None:\n        \"\"\"Checks that a JSON response from the WebDriver does not have an\n        error.\n    \n        :Args:\n         - response - The JSON response from the WebDriver server as a dictionary\n           object.\n    \n        :Raises: If the response contains an error message.\n        \"\"\"\n        status = response.get(\"status\", None)\n        if not status or status == ErrorCode.SUCCESS:\n            return\n        value = None\n        message = response.get(\"message\", \"\")\n        screen: str = response.get(\"screen\", \"\")\n        stacktrace = None\n        if isinstance(status, int):\n            value_json = response.get(\"value\", None)\n            if value_json and isinstance(value_json, str):\n                import json\n    \n                try:\n                    value = json.loads(value_json)\n                    if len(value) == 1:\n                        value = value[\"value\"]\n                    status = value.get(\"error\", None)\n                    if not status:\n                        status = value.get(\"status\", ErrorCode.UNKNOWN_ERROR)\n                        message = value.get(\"value\") or value.get(\"message\")\n                        if not isinstance(message, str):\n                            value = message\n                            message = message.get(\"message\")\n                    else:\n                        message = value.get(\"message\", None)\n                except ValueError:\n                    pass\n    \n        exception_class: Type[WebDriverException]\n        e = ErrorCode()\n        error_codes = [item for item in dir(e) if not item.startswith(\"__\")]\n        for error_code in error_codes:\n            error_info = getattr(ErrorCode, error_code)\n            if isinstance(error_info, list) and status in error_info:\n                exception_class = getattr(ExceptionMapping, error_code, WebDriverException)\n                break\n        else:\n            exception_class = WebDriverException\n    \n        if not value:\n            value = response[\"value\"]\n        if isinstance(value, str):\n            raise exception_class(value)\n        if message == \"\" and \"message\" in value:\n            message = value[\"message\"]\n    \n        screen = None  # type: ignore[assignment]\n        if \"screen\" in value:\n            screen = value[\"screen\"]\n    \n        stacktrace = None\n        st_value = value.get(\"stackTrace\") or value.get(\"stacktrace\")\n        if st_value:\n            if isinstance(st_value, str):\n                stacktrace = st_value.split(\"\\n\")\n            else:\n                stacktrace = []\n                try:\n                    for frame in st_value:\n                        line = frame.get(\"lineNumber\", \"\")\n                        file = frame.get(\"fileName\", \"<anonymous>\")\n                        if line:\n                            file = f\"{file}:{line}\"\n                        meth = frame.get(\"methodName\", \"<anonymous>\")\n                        if \"className\" in frame:\n                            meth = f\"{frame['className']}.{meth}\"\n                        msg = \"    at %s (%s)\"\n                        msg = msg % (meth, file)\n                        stacktrace.append(msg)\n                except TypeError:\n                    pass\n        if exception_class == UnexpectedAlertPresentException:\n            alert_text = None\n            if \"data\" in value:\n                alert_text = value[\"data\"].get(\"text\")\n            elif \"alert\" in value:\n                alert_text = value[\"alert\"].get(\"text\")\n            raise exception_class(message, screen, stacktrace, alert_text)  # type: ignore[call-arg]  # mypy is not smart enough here\n>       raise exception_class(message, screen, stacktrace)\nE       selenium.common.exceptions.ElementClickInterceptedException: Message: Element <p class=\"AppHeader_header__linkText__3q_va ml-2\"> is not clickable at point (300,44) because another element <div class=\"Modal_modal_overlay__x2ZCr\"> obscures it\nE       Stacktrace:\nE       RemoteError@chrome://remote/content/shared/RemoteError.sys.mjs:8:8\nE       WebDriverError@chrome://remote/content/shared/webdriver/Errors.sys.mjs:193:5\nE       ElementClickInterceptedError@chrome://remote/content/shared/webdriver/Errors.sys.mjs:337:5\nE       webdriverClickElement@chrome://remote/content/marionette/interaction.sys.mjs:177:11\nE       interaction.clickElement@chrome://remote/content/marionette/interaction.sys.mjs:136:11\nE       clickElement@chrome://remote/content/marionette/actors/MarionetteCommandsChild.sys.mjs:205:29\nE       receiveMessage@chrome://remote/content/marionette/actors/MarionetteCommandsChild.sys.mjs:85:31\n\n.venv\\Lib\\site-packages\\selenium\\webdriver\\remote\\errorhandler.py:232: ElementClickInterceptedException"}, "description": "Создаем заказ и проверяем что количество заказов после стало больше", "steps": [{"name": "клик кнопки лента заказов", "status": "broken", "statusDetails": {"message": "selenium.common.exceptions.ElementClickInterceptedException: Message: Element <p class=\"AppHeader_header__linkText__3q_va ml-2\"> is not clickable at point (300,44) because another element <div class=\"Modal_modal_overlay__x2ZCr\"> obscures it\nStacktrace:\nRemoteError@chrome://remote/content/shared/RemoteError.sys.mjs:8:8\nWebDriverError@chrome://remote/content/shared/webdriver/Errors.sys.mjs:193:5\nElementClickInterceptedError@chrome://remote/content/shared/webdriver/Errors.sys.mjs:337:5\nwebdriverClickElement@chrome://remote/content/marionette/interaction.sys.mjs:177:11\ninteraction.clickElement@chrome://remote/content/marionette/interaction.sys.mjs:136:11\nclickElement@chrome://remote/content/marionette/actors/MarionetteCommandsChild.sys.mjs:205:29\nreceiveMessage@chrome://remote/content/marionette/actors/MarionetteCommandsChild.sys.mjs:85:31\n\n", "trace": "  File \"C:\\yandex\\Diplom_3\\.venv\\Lib\\site-packages\\allure_commons\\_allure.py\", line 192, in impl\n    return func(*a, **kw)\n           ^^^^^^^^^^^^^^\n  File \"C:\\yandex\\Diplom_3\\pages\\main_page.py\", line 15, in button_lenta_zakazov_click\n    return self.click_to_element(MainPageLocators.KNOPKA_LENTA_ZAKAZOV)\n           ^^^^^^^^^^^^^^^^^^^^^^^^^^^^^^^^^^^^^^^^^^^^^^^^^^^^^^^^^^^^\n  File \"C:\\yandex\\Diplom_3\\pages\\base_page.py\", line 39, in click_to_element\n    self.driver.find_element(*locator).click()\n  File \"C:\\yandex\\Diplom_3\\.venv\\Lib\\site-packages\\selenium\\webdriver\\remote\\webelement.py\", line 94, in click\n    self._execute(Command.CLICK_ELEMENT)\n  File \"C:\\yandex\\Diplom_3\\.venv\\Lib\\site-packages\\selenium\\webdriver\\remote\\webelement.py\", line 395, in _execute\n    return self._parent.execute(command, params)\n           ^^^^^^^^^^^^^^^^^^^^^^^^^^^^^^^^^^^^^\n  File \"C:\\yandex\\Diplom_3\\.venv\\Lib\\site-packages\\selenium\\webdriver\\remote\\webdriver.py\", line 384, in execute\n    self.error_handler.check_response(response)\n  File \"C:\\yandex\\Diplom_3\\.venv\\Lib\\site-packages\\selenium\\webdriver\\remote\\errorhandler.py\", line 232, in check_response\n    raise exception_class(message, screen, stacktrace)\n"}, "start": 1733347120189, "stop": 1733347120252}], "parameters": [{"name": "driver", "value": "'firefox'"}], "start": 1733347120187, "stop": 1733347120255, "uuid": "bacfa7cb-f8c9-4bb3-bf23-79ae046403b9", "historyId": "f4853f7fabf5f81e662e0137d3e48d39", "testCaseId": "aa6bac389db5449f0d3814acf3848104", "fullName": "tests.test_order_feed.TestOrderFeed#test_counter_orders_of_all_time_change", "labels": [{"name": "parentSuite", "value": "tests"}, {"name": "suite", "value": "test_order_feed"}, {"name": "subSuite", "value": "TestOrderFeed"}, {"name": "host", "value": "DESKTOP-QVHUDRP"}, {"name": "thread", "value": "14552-MainThread"}, {"name": "framework", "value": "pytest"}, {"name": "language", "value": "cpython3"}, {"name": "package", "value": "tests.test_order_feed"}]}